SF:lib\core\utils\dio_generator.dart
DA:5,1
DA:6,1
DA:8,3
DA:9,1
DA:16,2
DA:17,0
DA:18,0
LF:7
LH:5
end_of_record
SF:lib\core\utils\encoder.dart
DA:4,3
DA:5,12
LF:2
LH:2
end_of_record
SF:lib\core\utils\global_dio_headers_handler.dart
DA:8,2
DA:11,2
DA:12,4
DA:14,10
DA:15,2
DA:17,2
DA:21,4
DA:24,2
DA:25,4
DA:27,8
DA:29,4
LF:11
LH:11
end_of_record
SF:lib\core\errors\failures.dart
DA:7,1
DA:9,0
DA:16,1
DA:21,0
DA:22,0
DA:23,0
DA:24,0
DA:29,1
DA:34,0
DA:35,0
DA:36,0
DA:37,0
DA:42,1
DA:44,0
DA:45,0
LF:15
LH:4
end_of_record
SF:lib\core\presentation\screens\home_screen.dart
DA:9,8
DA:11,0
DA:12,0
DA:16,0
DA:18,0
DA:21,0
DA:23,0
DA:24,0
DA:25,0
DA:29,0
DA:30,0
DA:35,0
DA:36,0
DA:37,0
DA:39,0
DA:40,0
DA:46,0
DA:55,0
DA:56,0
DA:57,0
DA:62,0
DA:63,0
DA:64,0
DA:65,0
DA:72,0
DA:73,0
DA:75,0
DA:76,0
DA:78,0
DA:84,0
DA:85,0
DA:86,0
DA:91,0
LF:33
LH:1
end_of_record
SF:lib\core\presentation\widgets\hero_section.dart
DA:10,8
DA:12,0
DA:13,0
DA:17,0
DA:19,0
DA:21,0
DA:22,0
DA:23,0
DA:28,0
DA:29,0
DA:31,0
DA:32,0
DA:33,0
DA:38,0
DA:39,0
DA:41,0
DA:43,0
DA:48,0
DA:49,0
DA:51,0
DA:52,0
DA:55,0
DA:61,0
DA:62,0
DA:64,0
DA:65,0
DA:69,0
DA:70,0
DA:75,0
DA:84,0
DA:85,0
DA:88,0
DA:89,0
DA:99,0
DA:103,0
DA:104,0
DA:106,0
DA:107,0
DA:108,0
DA:109,0
DA:110,0
DA:111,0
DA:115,0
DA:116,0
DA:119,0
DA:120,0
DA:121,0
DA:122,0
DA:123,0
DA:124,0
DA:125,0
DA:126,0
DA:129,0
DA:135,0
DA:136,0
DA:139,0
DA:140,0
DA:141,0
DA:147,0
DA:153,0
DA:154,0
DA:156,0
DA:157,0
DA:159,0
DA:166,0
DA:168,0
LF:66
LH:1
end_of_record
SF:lib\core\presentation\widgets\management_section.dart
DA:4,8
DA:6,0
DA:7,0
DA:11,0
DA:13,0
DA:15,0
DA:17,0
DA:18,0
DA:19,0
DA:25,0
DA:26,0
DA:28,0
DA:29,0
DA:30,0
DA:31,0
DA:32,0
DA:37,0
DA:38,0
DA:39,0
DA:40,0
DA:46,0
DA:47,0
DA:48,0
DA:49,0
LF:24
LH:1
end_of_record
SF:lib\core\presentation\widgets\quick_access_buttons.dart
DA:5,8
DA:7,0
DA:8,0
DA:12,0
DA:14,0
DA:16,0
DA:17,0
DA:18,0
DA:20,0
DA:21,0
DA:22,0
DA:25,0
DA:27,0
DA:31,0
DA:32,0
DA:34,0
DA:35,0
DA:38,0
DA:40,0
DA:43,0
DA:45,0
DA:48,0
DA:50,0
DA:52,0
DA:59,0
DA:64,0
DA:66,0
DA:68,0
DA:70,0
DA:75,0
DA:77,0
DA:79,0
DA:81,0
DA:83,0
LF:34
LH:1
end_of_record
SF:lib\core\utils\string_formatter.dart
DA:2,0
DA:3,0
DA:4,0
LF:3
LH:0
end_of_record
SF:lib\core\router\go_router_config.dart
DA:14,0
DA:16,0
DA:17,0
DA:18,0
DA:19,0
DA:20,0
DA:21,0
DA:23,0
DA:24,0
DA:29,0
DA:30,0
DA:33,0
DA:35,0
DA:38,0
LF:14
LH:0
end_of_record
SF:lib\dependency_injection.dart
DA:5,3
DA:7,0
DA:8,0
DA:9,0
DA:12,0
DA:13,0
DA:14,0
LF:7
LH:1
end_of_record
SF:lib\core\theme\color_pallet.dart
DA:4,0
DA:5,0
DA:6,0
DA:7,0
DA:8,0
DA:9,0
DA:10,0
DA:11,0
DA:12,0
DA:13,0
DA:14,0
DA:15,0
DA:16,0
LF:13
LH:0
end_of_record
SF:lib\core\utils\http_status_helper.dart
DA:4,0
DA:6,0
DA:7,0
DA:8,0
DA:10,0
DA:12,0
DA:15,0
DA:17,0
DA:19,0
DA:21,0
DA:23,0
LF:11
LH:0
end_of_record
SF:lib\core\utils\validator.dart
DA:2,0
DA:3,0
LF:2
LH:0
end_of_record
SF:lib\core\widgets\custom_input_field.dart
DA:15,0
DA:32,0
DA:34,0
DA:35,0
DA:36,0
DA:37,0
DA:38,0
DA:39,0
DA:40,0
DA:41,0
DA:43,0
DA:47,0
DA:48,0
DA:49,0
DA:50,0
DA:51,0
DA:53,0
DA:54,0
DA:55,0
DA:57,0
DA:58,0
DA:59,0
DA:61,0
DA:62,0
DA:63,0
LF:25
LH:0
end_of_record
SF:lib\core\widgets\failure_widget.dart
DA:9,0
DA:10,0
DA:12,0
DA:14,0
DA:15,0
DA:19,0
DA:25,0
DA:26,0
DA:27,0
DA:28,0
DA:29,0
DA:30,0
DA:36,0
DA:37,0
DA:38,0
DA:41,0
DA:43,0
DA:45,0
DA:50,0
DA:51,0
DA:53,0
DA:54,0
DA:55,0
DA:62,0
DA:63,0
DA:65,0
DA:66,0
DA:67,0
DA:68,0
DA:71,0
DA:72,0
DA:79,0
DA:81,0
DA:83,0
DA:87,0
DA:88,0
DA:90,0
DA:93,0
DA:95,0
DA:96,0
DA:97,0
DA:98,0
LF:42
LH:0
end_of_record
SF:lib\core\widgets\loading_widget.dart
DA:5,8
DA:7,0
DA:9,0
DA:10,0
LF:4
LH:1
end_of_record
SF:lib\features\login\login_dependency_inj.dart
DA:6,0
DA:8,0
DA:9,0
DA:11,0
DA:12,0
DA:14,0
DA:17,0
DA:18,0
DA:19,0
DA:20,0
DA:25,0
DA:26,0
DA:27,0
DA:28,0
DA:29,0
DA:30,0
DA:33,0
DA:34,0
DA:35,0
DA:36,0
DA:37,0
DA:40,0
DA:41,0
LF:23
LH:0
end_of_record
SF:lib\features\login\domain\use_cases\authenticate_user.dart
DA:9,1
DA:11,1
DA:13,2
LF:3
LH:3
end_of_record
SF:lib\features\login\data\data_sources\implementations\local_login_data_source_impl.dart
DA:13,1
DA:15,1
DA:18,0
DA:19,0
DA:20,0
DA:21,0
DA:24,1
DA:28,3
DA:30,2
DA:31,1
DA:36,3
DA:39,3
DA:45,1
DA:53,1
DA:56,1
DA:58,3
DA:60,3
DA:61,3
DA:62,3
DA:64,1
LF:20
LH:16
end_of_record
SF:lib\features\login\data\data_sources\implementations\wordpress_remote_data_source_impl.dart
DA:12,1
DA:14,2
DA:16,1
DA:18,2
DA:19,1
DA:20,2
DA:23,2
DA:26,1
DA:27,1
DA:28,1
LF:10
LH:10
end_of_record
SF:lib\features\login\data\models\login_credentials_model.dart
DA:4,2
LF:1
LH:1
end_of_record
SF:lib\features\login\domain\entities\login_credentials_entity.dart
DA:9,3
DA:16,1
DA:17,1
DA:18,1
DA:19,1
DA:20,1
LF:6
LH:6
end_of_record
SF:lib\features\login\data\repositories\login_repo_impl.dart
DA:11,1
DA:17,1
DA:20,2
DA:22,1
DA:23,1
DA:24,1
DA:25,1
DA:26,2
DA:27,1
DA:32,1
DA:33,2
DA:38,1
DA:43,2
DA:45,1
DA:47,1
DA:48,2
DA:53,1
DA:57,2
DA:59,1
DA:61,3
LF:20
LH:20
end_of_record
SF:lib\features\login\domain\use_cases\get_last_login_credentials.dart
DA:9,1
DA:11,1
DA:13,2
LF:3
LH:3
end_of_record
SF:lib\features\login\domain\use_cases\save_user_credentials.dart
DA:9,1
DA:11,1
DA:13,2
LF:3
LH:3
end_of_record
SF:lib\features\login\presentation\logic_holder\authentication_cubit\authentication_cubit.dart
DA:14,1
DA:21,1
DA:23,1
DA:24,1
DA:25,2
DA:27,1
DA:28,3
DA:29,1
DA:30,1
DA:32,1
DA:37,1
DA:39,2
DA:41,0
DA:52,1
DA:54,1
DA:60,1
DA:62,2
DA:64,1
DA:68,1
DA:69,3
DA:71,2
DA:72,1
DA:73,1
LF:23
LH:22
end_of_record
SF:lib\features\login\presentation\logic_holder\login_credentials\login_credentials_cubit.dart
DA:13,1
DA:16,1
DA:18,1
DA:19,1
DA:21,3
DA:23,1
DA:24,3
DA:25,2
DA:26,1
LF:9
LH:9
end_of_record
SF:lib\features\login\presentation\screens\login_screen.dart
DA:22,8
DA:24,0
DA:25,0
DA:38,0
DA:40,0
DA:41,0
DA:44,0
DA:46,0
DA:47,0
DA:48,0
DA:49,0
DA:50,0
DA:53,0
DA:55,0
DA:56,0
DA:57,0
DA:58,0
DA:59,0
DA:64,0
DA:65,0
DA:66,0
DA:67,0
DA:68,0
DA:70,0
DA:71,0
DA:72,0
DA:74,0
DA:75,0
DA:76,0
DA:77,0
DA:79,0
DA:80,0
DA:81,0
DA:85,0
DA:86,0
DA:88,0
DA:89,0
DA:93,0
DA:95,0
DA:96,0
DA:97,0
DA:105,0
DA:106,0
DA:107,0
DA:108,0
DA:110,0
DA:115,0
DA:116,0
DA:117,0
DA:118,0
DA:119,0
DA:120,0
DA:121,0
DA:122,0
DA:123,0
DA:129,0
DA:130,0
DA:131,0
DA:132,0
DA:133,0
DA:134,0
DA:135,0
DA:140,0
DA:141,0
DA:142,0
DA:144,0
DA:146,0
DA:147,0
DA:148,0
DA:155,0
DA:156,0
DA:161,0
DA:162,0
DA:163,0
DA:164,0
DA:165,0
DA:166,0
DA:167,0
DA:168,0
DA:169,0
DA:170,0
DA:171,0
DA:172,0
DA:179,0
DA:180,0
DA:182,0
DA:187,0
DA:188,0
DA:190,0
DA:191,0
DA:192,0
DA:193,0
DA:196,0
DA:199,0
DA:204,0
DA:205,0
DA:206,0
DA:207,0
DA:208,0
DA:213,0
DA:214,0
DA:215,0
DA:216,0
DA:217,0
DA:218,0
DA:220,0
DA:221,0
DA:222,0
DA:224,0
DA:225,0
DA:226,0
DA:234,0
DA:235,0
DA:236,0
DA:237,0
DA:252,0
DA:253,0
DA:254,0
DA:255,0
DA:256,0
DA:258,0
DA:259,0
DA:266,0
DA:267,0
DA:268,0
DA:276,0
DA:277,0
DA:280,0
DA:281,0
DA:282,0
DA:283,0
DA:284,0
DA:287,0
DA:293,0
DA:295,0
DA:296,0
DA:298,0
DA:299,0
DA:300,0
DA:301,0
LF:140
LH:1
end_of_record
SF:lib\features\login\presentation\widgets\steps_of_creating_app_password.dart
DA:4,8
DA:6,0
LF:2
LH:1
end_of_record
SF:lib\features\login\presentation\widgets\login_screen\login_header.dart
DA:6,0
DA:8,0
DA:10,0
DA:11,0
DA:12,0
DA:20,0
DA:21,0
DA:23,0
DA:24,0
DA:27,0
DA:28,0
DA:29,0
DA:30,0
DA:31,0
DA:32,0
DA:33,0
DA:37,0
DA:39,0
DA:40,0
DA:41,0
DA:43,0
DA:45,0
DA:46,0
DA:47,0
DA:49,0
DA:51,0
DA:52,0
DA:53,0
DA:56,0
DA:58,0
DA:59,0
DA:60,0
DA:63,0
DA:65,0
DA:66,0
DA:67,0
DA:70,0
DA:71,0
DA:73,0
DA:74,0
DA:77,0
DA:83,0
DA:84,0
DA:85,0
DA:86,0
DA:87,0
DA:88,0
DA:92,0
DA:93,0
DA:95,0
DA:96,0
DA:97,0
DA:102,0
DA:106,0
DA:108,0
DA:110,0
DA:111,0
DA:112,0
DA:115,0
DA:118,0
LF:60
LH:0
end_of_record
SF:lib\features\login\presentation\logic_holder\authentication_cubit\authentication_state.dart
LF:0
LH:0
end_of_record
SF:lib\features\login\presentation\logic_holder\login_credentials\login_credentials_state.dart
LF:0
LH:0
end_of_record
