SF:lib\core\entities\profile_avatar.dart
DA:7,1
DA:12,1
DA:13,4
LF:3
LH:3
end_of_record
SF:lib\core\errors\failures.dart
DA:7,11
DA:9,1
DA:16,5
DA:21,1
DA:22,1
DA:23,1
DA:24,1
DA:25,1
DA:30,11
DA:35,1
DA:36,1
DA:37,1
DA:38,1
DA:43,4
DA:44,4
DA:45,4
DA:46,8
DA:47,4
DA:48,4
DA:51,4
DA:52,4
DA:53,4
LF:22
LH:22
end_of_record
SF:lib\core\presentation\cubits\global_profile_cubit\global_profile_cubit.dart
DA:14,1
DA:16,1
DA:18,1
DA:19,1
DA:21,2
DA:23,1
DA:24,3
DA:25,3
LF:8
LH:8
end_of_record
SF:lib\features\profile\domain\entities\profile_entity.dart
DA:51,5
DA:69,1
DA:70,2
LF:3
LH:3
end_of_record
SF:lib\core\utils\validator.dart
DA:2,2
DA:3,2
DA:9,3
DA:10,3
DA:15,3
DA:16,3
DA:17,3
LF:7
LH:7
end_of_record
SF:lib\core\utils\api_response_handler.dart
DA:4,3
DA:5,3
DA:9,3
LF:3
LH:3
end_of_record
SF:lib\core\widgets\pushed_page_app_bar.dart
DA:11,4
DA:20,4
DA:22,4
DA:24,8
DA:27,4
DA:28,4
DA:29,4
DA:30,8
DA:34,4
DA:35,16
DA:37,4
DA:38,4
DA:39,8
DA:40,4
DA:41,4
DA:42,12
DA:46,4
DA:50,4
DA:55,4
DA:56,4
DA:59,4
DA:60,4
DA:61,4
DA:66,4
DA:67,4
DA:68,4
DA:72,4
DA:73,4
DA:74,4
DA:78,4
DA:79,4
DA:81,16
DA:82,8
LF:33
LH:33
end_of_record
SF:lib\core\widgets\save_button.dart
DA:7,3
DA:13,3
DA:15,3
DA:16,3
DA:17,3
DA:18,6
DA:19,3
DA:21,6
LF:8
LH:8
end_of_record
SF:lib\core\widgets\custom_form_input_field.dart
DA:21,4
DA:38,4
DA:40,4
DA:41,4
DA:42,4
DA:43,4
DA:44,4
DA:45,4
DA:46,4
DA:47,4
DA:48,4
DA:49,4
DA:50,4
DA:51,4
DA:52,4
DA:54,4
DA:58,4
DA:59,4
DA:60,4
DA:61,4
DA:62,4
DA:64,4
DA:65,4
DA:66,8
DA:68,4
DA:69,4
DA:70,8
DA:72,4
DA:73,4
DA:74,8
DA:76,4
DA:77,4
DA:78,8
DA:80,4
LF:34
LH:34
end_of_record
SF:lib\core\widgets\failure_widget.dart
DA:10,6
DA:11,6
DA:13,6
DA:15,6
DA:16,6
DA:20,6
DA:26,6
DA:27,12
DA:28,2
DA:30,12
DA:34,1
DA:35,1
DA:37,1
DA:38,1
DA:41,4
DA:43,1
DA:45,1
DA:51,1
DA:52,1
DA:54,1
DA:55,1
DA:56,1
DA:63,1
DA:64,1
DA:66,1
DA:67,1
DA:68,3
DA:69,1
DA:72,2
DA:73,1
DA:80,1
DA:82,3
DA:84,1
DA:88,6
DA:89,6
DA:91,6
DA:93,6
DA:96,12
DA:98,6
DA:99,18
LF:40
LH:40
end_of_record
SF:lib\core\widgets\loading_widget.dart
DA:5,176
DA:8,5
DA:10,5
DA:11,15
LF:4
LH:4
end_of_record
SF:lib\core\utils\http_status_helper.dart
DA:4,2
DA:6,2
DA:7,2
DA:8,2
DA:10,2
DA:12,2
DA:15,2
DA:17,2
DA:19,2
DA:21,2
DA:23,2
LF:11
LH:11
end_of_record
SF:lib\core\utils\string_formatter.dart
DA:2,7
DA:3,14
DA:4,4
LF:3
LH:3
end_of_record
SF:lib\features\profile\application\profile_service_impl.dart
DA:11,1
DA:15,1
DA:17,3
LF:3
LH:3
end_of_record
SF:lib\features\profile\data\data_sources\implementations\profile_remote_data_source_impl.dart
DA:8,1
DA:10,1
DA:12,2
DA:14,2
DA:16,1
DA:19,1
DA:21,2
DA:23,1
DA:26,2
DA:28,1
LF:10
LH:10
end_of_record
SF:lib\features\profile\data\models\profile_avatar_urls_model.dart
DA:4,4
DA:10,3
DA:11,3
DA:12,3
DA:13,3
DA:14,3
LF:6
LH:6
end_of_record
SF:lib\features\profile\domain\entities\profile_avatar_urls.dart
DA:8,60
DA:14,1
DA:15,4
LF:3
LH:3
end_of_record
SF:lib\features\profile\data\models\profile_model.dart
DA:9,2
DA:27,1
DA:29,1
DA:31,2
DA:32,2
DA:35,1
DA:42,1
DA:43,2
DA:45,2
DA:46,2
DA:48,4
DA:50,4
DA:52,2
DA:53,2
DA:56,2
DA:57,2
DA:58,2
DA:59,2
DA:60,2
DA:61,2
DA:64,2
DA:65,2
DA:66,2
DA:75,2
LF:24
LH:24
end_of_record
SF:lib\features\profile\data\models\profile_model.g.dart
DA:9,4
DA:10,4
DA:11,2
DA:12,2
DA:13,2
DA:14,2
DA:15,2
DA:16,2
DA:17,2
DA:18,2
DA:19,2
DA:20,2
DA:21,2
DA:22,2
DA:23,1
DA:24,4
DA:25,4
DA:26,2
DA:27,6
DA:28,2
DA:29,1
DA:32,2
DA:33,2
DA:34,2
DA:35,2
DA:36,2
DA:37,2
DA:38,2
DA:39,2
DA:40,2
DA:41,2
LF:31
LH:31
end_of_record
SF:lib\features\profile\domain\use_cases\get_my_profile.dart
DA:10,1
DA:13,1
DA:15,2
LF:3
LH:3
end_of_record
SF:lib\features\profile\domain\use_cases\update_my_profile.dart
DA:10,1
DA:12,1
DA:14,2
DA:28,7
DA:39,1
DA:40,1
DA:41,1
DA:42,1
DA:43,1
DA:44,1
DA:45,1
DA:46,1
DA:47,1
DA:48,1
LF:14
LH:14
end_of_record
SF:lib\features\profile\presentation\state_management\profile-cubit\profile_cubit.dart
DA:17,1
DA:22,1
DA:24,1
DA:25,1
DA:27,3
DA:29,1
DA:30,3
DA:31,3
DA:35,1
DA:36,1
DA:38,2
DA:40,1
DA:41,3
DA:42,3
LF:14
LH:14
end_of_record
SF:lib\features\profile\presentation\utils\update_my_profile_params_builder.dart
DA:13,2
DA:14,4
DA:15,4
DA:16,4
DA:17,4
DA:18,4
DA:19,4
DA:20,4
DA:21,4
DA:26,1
DA:27,1
DA:31,1
DA:32,1
DA:36,1
DA:37,1
DA:41,2
DA:42,2
DA:46,1
DA:47,1
DA:51,1
DA:52,1
DA:56,1
DA:57,1
DA:61,1
DA:62,1
DA:66,2
DA:67,4
DA:68,1
DA:71,2
DA:72,2
DA:73,2
DA:74,2
DA:75,2
DA:76,2
DA:77,2
DA:78,2
DA:79,2
LF:37
LH:37
end_of_record
SF:lib\core\presentation\widgets\bottom_nav_bar.dart
DA:9,2
DA:15,2
DA:17,2
DA:19,2
DA:22,2
DA:23,2
DA:24,2
DA:25,2
DA:29,2
DA:30,2
DA:31,2
DA:32,2
DA:33,2
DA:36,2
DA:37,2
DA:38,2
DA:41,2
DA:42,2
DA:43,2
DA:46,2
DA:47,2
DA:48,2
DA:54,2
DA:55,2
DA:57,2
DA:58,2
DA:59,2
DA:61,2
DA:63,4
DA:65,4
LF:30
LH:30
end_of_record
SF:lib\core\presentation\screens\main_screen.dart
DA:10,36
DA:12,1
DA:13,1
DA:20,1
DA:22,3
DA:23,3
DA:24,1
DA:27,1
DA:29,1
DA:31,1
DA:32,2
DA:33,1
DA:37,1
DA:38,1
DA:40,1
DA:42,1
DA:47,1
DA:48,1
DA:50,1
DA:51,4
DA:52,1
DA:56,1
DA:57,1
DA:58,1
DA:62,1
DA:66,1
DA:70,1
DA:77,1
DA:78,1
DA:80,1
DA:81,1
DA:82,1
DA:87,1
DA:88,2
DA:89,1
DA:91,2
DA:92,1
LF:37
LH:37
end_of_record
SF:lib\core\presentation\cubits\global_profile_cubit\global_profile_state.dart
LF:0
LH:0
end_of_record
SF:lib\core\presentation\widgets\custom_drawer.dart
DA:17,2
DA:22,2
DA:24,2
DA:25,2
DA:27,2
DA:28,2
DA:29,2
DA:30,2
DA:31,2
DA:38,2
DA:39,2
DA:40,2
DA:41,2
DA:42,4
DA:43,1
DA:44,2
DA:45,2
DA:51,1
DA:52,1
DA:53,2
DA:54,2
DA:56,1
DA:57,1
DA:58,3
DA:59,2
DA:61,1
DA:62,1
DA:63,2
DA:66,1
DA:67,1
DA:68,1
DA:69,1
DA:70,1
DA:78,2
DA:79,2
DA:81,2
DA:83,2
DA:84,2
DA:90,2
DA:91,2
DA:94,2
DA:99,2
DA:100,2
DA:101,2
DA:102,2
DA:103,6
DA:107,2
DA:111,2
DA:112,2
DA:113,2
DA:120,2
DA:121,2
DA:123,2
DA:125,2
DA:126,2
DA:128,2
DA:130,6
DA:134,2
DA:136,2
DA:138,4
DA:146,2
DA:147,2
DA:148,2
DA:151,2
DA:152,2
DA:154,2
DA:155,6
DA:157,2
DA:160,1
DA:161,2
DA:164,2
DA:166,1
DA:167,1
DA:168,1
DA:172,2
DA:174,1
DA:175,1
DA:176,1
DA:185,2
DA:190,2
DA:192,2
DA:194,2
DA:195,2
DA:196,2
LF:84
LH:84
end_of_record
SF:lib\core\presentation\widgets\main_app_bar.dart
DA:7,36
DA:9,2
DA:11,2
DA:12,2
DA:13,2
DA:14,2
DA:18,2
DA:23,2
DA:24,2
DA:25,2
DA:27,1
DA:28,2
DA:36,2
DA:43,2
DA:45,8
LF:15
LH:15
end_of_record
SF:lib\core\utils\custom_url_launcher.dart
DA:4,1
DA:6,1
DA:7,1
LF:3
LH:3
end_of_record
SF:lib\core\presentation\widgets\profile_avatar_widget.dart
DA:12,71
DA:14,4
DA:16,4
DA:18,2
DA:19,4
DA:23,4
DA:24,4
DA:25,4
DA:26,4
DA:27,6
DA:28,1
DA:29,4
DA:30,2
DA:36,2
DA:37,2
DA:39,6
DA:40,2
DA:41,2
DA:46,1
DA:47,1
LF:20
LH:20
end_of_record
SF:lib\core\router\go_router_config.dart
DA:20,0
DA:22,0
DA:25,0
DA:26,0
DA:29,0
DA:30,0
DA:31,0
DA:32,0
DA:34,0
DA:35,0
DA:41,0
DA:42,0
DA:43,0
DA:44,0
DA:45,0
DA:46,0
DA:52,0
DA:53,0
DA:56,0
DA:57,0
DA:58,0
DA:61,0
DA:62,0
DA:66,0
DA:69,0
DA:70,0
LF:26
LH:0
end_of_record
SF:lib\features\site_settings\presentation\state_Management\site_settings_cubit\site_settings_cubit.dart
DA:14,1
DA:19,1
DA:21,1
DA:22,1
DA:24,3
DA:26,1
DA:27,3
DA:28,3
DA:32,1
DA:33,1
DA:35,2
DA:37,1
DA:38,3
DA:39,3
LF:14
LH:14
end_of_record
SF:lib\features\profile\presentation\screens\profile_screen.dart
DA:11,36
DA:13,1
DA:14,1
DA:23,1
DA:25,3
DA:26,1
DA:29,1
DA:31,1
DA:32,1
DA:33,1
DA:37,1
DA:38,1
DA:39,1
DA:40,1
DA:41,1
DA:43,2
DA:49,1
DA:50,1
DA:51,1
DA:52,1
DA:53,3
DA:56,1
DA:57,5
DA:58,1
DA:62,1
DA:63,5
DA:66,1
DA:67,1
DA:69,1
DA:70,1
DA:75,1
DA:81,1
DA:82,1
DA:83,1
DA:84,1
DA:85,1
DA:86,2
DA:87,1
DA:91,2
DA:92,2
DA:98,1
DA:100,1
DA:101,3
DA:102,1
DA:103,2
DA:108,1
DA:109,1
DA:111,1
DA:112,1
DA:114,1
DA:120,1
DA:121,1
DA:122,1
DA:123,1
DA:124,1
DA:125,1
DA:126,1
DA:130,1
DA:131,1
DA:133,1
DA:134,1
DA:135,2
DA:140,1
DA:141,1
DA:142,1
DA:143,3
DA:145,1
DA:153,1
DA:154,1
DA:155,5
DA:157,5
DA:161,1
DA:162,1
DA:163,2
DA:164,3
DA:165,1
DA:167,4
DA:171,1
DA:172,1
DA:173,1
DA:174,1
DA:175,1
DA:176,1
DA:178,2
DA:182,1
DA:184,2
DA:185,0
DA:187,1
DA:189,2
DA:190,0
DA:192,1
DA:194,2
DA:195,0
DA:197,1
DA:200,2
DA:201,1
DA:202,1
DA:203,1
DA:205,2
DA:209,3
DA:211,1
DA:213,2
DA:214,0
DA:216,1
DA:218,2
DA:219,0
DA:221,1
DA:223,2
DA:224,0
DA:226,1
DA:228,2
DA:229,0
DA:232,1
LF:113
LH:106
end_of_record
SF:lib\features\site_settings\presentation\screens\site_settings_screen.dart
DA:13,37
DA:15,2
DA:16,2
DA:24,2
DA:26,6
DA:27,2
DA:30,2
DA:32,2
DA:33,2
DA:34,2
DA:38,2
DA:39,2
DA:40,2
DA:41,2
DA:42,2
DA:43,1
DA:44,1
DA:45,4
DA:51,1
DA:52,1
DA:53,2
DA:54,2
DA:55,2
DA:56,1
DA:62,2
DA:63,2
DA:64,2
DA:66,2
DA:67,2
DA:69,1
DA:70,4
DA:79,2
DA:80,2
DA:82,2
DA:83,2
DA:84,2
DA:89,2
DA:90,2
DA:91,3
DA:94,2
DA:95,3
DA:98,2
DA:99,3
DA:101,2
DA:102,3
DA:105,2
DA:107,3
DA:109,2
DA:110,1
DA:111,1
DA:113,2
DA:118,2
DA:119,2
DA:120,3
DA:121,0
DA:122,0
DA:125,2
DA:126,3
DA:127,0
DA:128,0
DA:131,2
DA:132,3
DA:133,0
DA:134,0
DA:138,2
DA:144,2
DA:145,2
DA:147,2
DA:149,2
DA:150,3
DA:153,0
LF:71
LH:64
end_of_record
SF:lib\core\utils\encoder.dart
DA:4,3
DA:5,12
LF:2
LH:2
end_of_record
SF:lib\core\utils\enum_translator.dart
DA:4,2
DA:6,2
DA:8,2
DA:10,2
DA:12,2
DA:14,2
LF:6
LH:6
end_of_record
SF:lib\core\utils\global_dio_headers_handler.dart
DA:8,2
DA:11,2
DA:12,4
DA:14,10
DA:15,2
DA:17,2
DA:21,4
DA:24,2
DA:25,4
DA:27,8
DA:29,4
LF:11
LH:11
end_of_record
SF:lib\core\widgets\custom_bottom_sheet.dart
DA:6,2
DA:10,2
DA:13,4
LF:3
LH:3
end_of_record
SF:lib\core\widgets\grouped_radio_button.dart
DA:9,4
DA:20,4
DA:27,4
DA:28,4
DA:34,4
DA:36,12
DA:37,4
DA:40,4
DA:42,4
DA:43,8
DA:44,4
DA:45,8
DA:46,4
DA:47,4
DA:49,4
DA:50,4
DA:52,1
DA:53,3
DA:54,3
DA:58,4
LF:20
LH:20
end_of_record
SF:lib\core\widgets\time_zone_selector.dart
DA:11,2
DA:19,2
DA:20,2
DA:28,2
DA:30,6
DA:31,2
DA:34,2
DA:36,4
DA:37,2
DA:40,2
DA:42,2
DA:43,2
DA:45,2
DA:50,4
DA:51,4
DA:52,2
DA:53,2
DA:54,2
DA:55,2
DA:58,2
DA:59,0
DA:61,0
DA:68,2
DA:69,2
DA:70,4
DA:71,2
DA:73,6
DA:78,2
DA:79,2
DA:87,0
DA:88,0
DA:89,0
DA:92,2
DA:93,2
DA:96,2
DA:97,4
DA:98,2
DA:105,2
DA:106,2
DA:107,2
DA:109,2
DA:112,2
DA:115,2
DA:116,2
DA:120,4
DA:123,2
DA:124,2
DA:125,4
DA:130,0
DA:131,0
LF:50
LH:43
end_of_record
SF:lib\features\login\domain\use_cases\authenticate_user.dart
DA:9,1
DA:11,1
DA:13,2
LF:3
LH:3
end_of_record
SF:lib\features\login\data\data_sources\implementations\local_login_data_source_impl.dart
DA:12,1
DA:14,1
DA:17,1
DA:21,3
DA:23,2
DA:24,1
DA:29,3
DA:32,3
DA:38,1
DA:46,1
DA:49,1
DA:51,3
DA:53,3
DA:54,3
DA:55,3
DA:57,1
DA:65,1
DA:67,2
DA:68,3
DA:69,3
DA:70,3
DA:71,3
DA:74,3
DA:76,1
LF:24
LH:24
end_of_record
SF:lib\features\login\data\data_sources\implementations\wordpress_remote_data_source_impl.dart
DA:12,1
DA:14,3
DA:16,1
DA:18,2
DA:19,1
DA:20,2
DA:23,2
DA:26,1
DA:27,1
DA:28,1
LF:10
LH:10
end_of_record
SF:lib\features\login\data\models\login_credentials_model.dart
DA:4,2
LF:1
LH:1
end_of_record
SF:lib\features\login\domain\entities\login_credentials_entity.dart
DA:9,5
DA:16,1
DA:17,1
DA:18,1
DA:19,1
DA:20,1
LF:6
LH:6
end_of_record
SF:lib\features\login\data\repositories\login_repo_impl.dart
DA:10,1
DA:16,1
DA:21,2
DA:23,1
DA:25,2
DA:29,1
DA:34,2
DA:36,1
DA:38,2
DA:42,1
DA:47,2
DA:49,1
DA:51,2
DA:55,1
DA:58,2
DA:60,1
DA:62,2
LF:17
LH:17
end_of_record
SF:lib\features\login\domain\use_cases\clear_cached_credentials.dart
DA:9,1
DA:12,1
DA:14,2
LF:3
LH:3
end_of_record
SF:lib\features\login\domain\use_cases\get_last_login_credentials.dart
DA:10,1
DA:12,1
DA:14,2
LF:3
LH:3
end_of_record
SF:lib\features\login\domain\use_cases\save_user_credentials.dart
DA:10,1
DA:12,1
DA:15,2
LF:3
LH:3
end_of_record
SF:lib\features\login\presentation\logic_holder\authentication_cubit\authentication_cubit.dart
DA:16,1
DA:25,1
DA:27,1
DA:28,1
DA:29,2
DA:31,1
DA:32,3
DA:33,2
DA:37,1
DA:40,1
DA:46,1
DA:47,1
DA:49,2
DA:51,1
DA:55,1
DA:57,2
DA:59,3
DA:63,1
DA:64,3
DA:66,2
DA:67,1
DA:68,1
LF:22
LH:22
end_of_record
SF:lib\features\login\presentation\logic_holder\login_credentials\login_credentials_cubit.dart
DA:13,1
DA:16,1
DA:18,1
DA:19,1
DA:21,3
DA:23,1
DA:24,3
DA:25,2
DA:26,1
LF:9
LH:9
end_of_record
SF:lib\features\login\presentation\utils\authentication_listener.dart
DA:14,1
DA:16,1
DA:17,2
DA:18,1
DA:19,1
DA:20,3
DA:21,3
DA:24,1
DA:25,3
DA:26,1
DA:28,1
DA:29,3
DA:30,2
DA:31,3
DA:33,1
DA:36,1
DA:37,3
DA:38,1
DA:44,1
DA:45,2
DA:46,2
DA:47,1
DA:53,1
DA:54,2
DA:55,4
DA:56,1
DA:57,1
LF:27
LH:27
end_of_record
SF:lib\features\login\presentation\screens\login_screen.dart
DA:11,36
DA:13,1
DA:14,1
DA:27,1
DA:29,3
DA:30,1
DA:33,1
DA:35,2
DA:36,2
DA:37,2
DA:38,2
DA:39,1
DA:42,1
DA:44,1
DA:45,1
DA:46,1
DA:47,1
DA:49,1
DA:55,1
DA:56,1
DA:57,0
DA:58,0
DA:63,1
DA:64,1
DA:65,1
DA:66,1
DA:67,1
DA:68,2
DA:69,1
DA:70,2
DA:71,2
DA:77,1
DA:78,1
DA:79,1
DA:80,3
DA:81,3
DA:82,3
DA:83,2
DA:88,1
DA:89,1
DA:91,1
DA:92,1
DA:94,1
DA:96,1
DA:97,3
DA:98,1
DA:106,1
DA:107,1
DA:112,1
DA:113,1
DA:114,1
DA:115,1
DA:116,1
DA:117,1
DA:118,1
DA:119,1
DA:120,1
DA:121,2
DA:122,1
DA:123,1
DA:130,1
DA:131,1
DA:134,1
DA:139,1
DA:140,1
DA:142,1
DA:143,1
DA:145,1
DA:146,1
DA:149,1
DA:152,1
DA:157,1
DA:158,1
DA:159,5
DA:160,1
DA:161,1
DA:166,1
DA:167,1
DA:168,1
DA:169,1
DA:171,1
DA:173,1
DA:174,4
DA:175,1
DA:176,1
DA:178,5
DA:179,1
DA:180,5
DA:189,1
DA:190,1
DA:191,1
DA:192,1
DA:207,1
DA:208,1
DA:209,1
DA:210,1
DA:211,1
DA:213,1
DA:214,3
DA:221,1
DA:222,1
DA:224,1
DA:232,1
DA:233,1
DA:236,1
DA:238,1
DA:239,1
DA:240,1
DA:241,1
DA:244,3
DA:250,5
DA:252,1
DA:253,3
DA:255,2
DA:256,2
DA:257,2
DA:258,1
LF:117
LH:115
end_of_record
SF:lib\features\login\presentation\widgets\steps_of_creating_app_password.dart
DA:4,35
DA:6,1
LF:2
LH:2
end_of_record
SF:lib\features\login\presentation\widgets\login_screen\login_header.dart
DA:6,1
DA:8,1
DA:10,1
DA:11,1
DA:12,1
DA:20,1
DA:21,1
DA:23,1
DA:24,1
DA:27,1
DA:28,1
DA:29,1
DA:30,2
DA:31,1
DA:32,1
DA:33,1
DA:37,4
DA:39,1
DA:40,1
DA:41,2
DA:43,1
DA:45,2
DA:46,4
DA:47,5
DA:49,1
DA:51,5
DA:52,5
DA:53,5
DA:56,1
DA:58,5
DA:59,5
DA:60,5
DA:63,1
DA:65,5
DA:66,5
DA:67,3
DA:70,2
DA:71,1
DA:73,1
DA:74,1
DA:77,1
DA:83,3
DA:84,1
DA:85,3
DA:86,3
DA:87,3
DA:88,3
DA:92,1
DA:93,1
DA:95,1
DA:96,1
DA:97,5
DA:102,1
DA:106,1
DA:108,1
DA:110,1
DA:111,4
DA:112,4
DA:115,1
DA:118,1
LF:60
LH:60
end_of_record
SF:lib\features\site_settings\data\data_sources\implementations\site_settings_data_source_impl.dart
DA:9,1
DA:11,1
DA:13,2
DA:15,2
DA:17,1
DA:20,1
DA:23,2
DA:25,1
DA:28,2
DA:30,1
LF:10
LH:10
end_of_record
SF:lib\features\site_settings\data\models\site_settings_model.dart
DA:8,2
DA:31,2
DA:32,2
DA:34,4
DA:36,2
DA:38,2
DA:39,2
DA:40,2
DA:41,2
DA:42,2
DA:43,2
DA:44,2
DA:45,2
DA:46,2
DA:47,2
DA:61,2
LF:16
LH:16
end_of_record
SF:lib\features\site_settings\data\models\site_settings_model.g.dart
DA:9,2
DA:10,2
DA:11,2
DA:12,2
DA:13,2
DA:14,2
DA:15,2
DA:16,2
DA:17,2
DA:18,4
DA:19,2
DA:20,2
DA:21,4
DA:22,2
DA:23,4
DA:24,2
DA:25,4
DA:26,4
DA:27,2
DA:28,2
DA:29,2
DA:30,4
DA:33,2
DA:34,2
DA:35,2
DA:36,2
DA:37,2
DA:38,2
DA:39,2
DA:40,2
DA:41,2
DA:42,2
DA:43,2
LF:33
LH:33
end_of_record
SF:lib\features\site_settings\domain\entities\site_settings_entity.dart
DA:66,3
DA:89,1
DA:90,1
DA:91,1
DA:92,1
DA:93,1
DA:94,1
DA:95,1
DA:96,1
DA:97,1
DA:98,1
DA:99,1
DA:100,1
LF:13
LH:13
end_of_record
SF:lib\features\site_settings\data\repositories\site_settings_repository_impl.dart
DA:8,1
DA:12,1
DA:15,2
DA:17,1
DA:19,2
DA:23,1
DA:27,2
DA:29,1
DA:31,2
LF:9
LH:9
end_of_record
SF:lib\features\site_settings\domain\use_cases\get_site_settings.dart
DA:9,1
DA:12,1
DA:14,2
LF:3
LH:3
end_of_record
SF:lib\features\site_settings\domain\use_cases\update_site_settings.dart
DA:11,1
DA:15,1
DA:18,2
DA:33,7
DA:45,1
DA:46,1
DA:47,1
DA:48,1
DA:49,1
DA:50,1
DA:51,1
DA:52,1
DA:53,1
DA:54,1
DA:55,1
LF:15
LH:15
end_of_record
SF:lib\features\site_settings\presentation\widgets\start_of_week_input.dart
DA:8,3
DA:14,1
DA:15,1
DA:21,1
DA:23,3
DA:24,1
DA:27,1
DA:29,1
DA:31,1
DA:33,1
DA:34,1
DA:35,1
DA:36,1
DA:37,1
DA:38,3
DA:39,3
DA:45,1
DA:46,1
DA:47,2
DA:48,1
DA:59,1
LF:21
LH:21
end_of_record
SF:lib\features\site_settings\presentation\utils\update_site_settings_params_builder.dart
DA:14,1
DA:15,2
DA:16,2
DA:17,2
DA:18,2
DA:19,2
DA:20,2
DA:21,2
DA:22,2
DA:23,2
DA:26,1
DA:27,1
DA:31,1
DA:32,1
DA:36,1
DA:37,1
DA:41,1
DA:42,1
DA:46,1
DA:47,1
DA:51,1
DA:52,1
DA:56,1
DA:57,1
DA:61,1
DA:62,1
DA:66,1
DA:67,1
DA:71,1
DA:72,4
DA:73,1
DA:76,1
DA:77,1
DA:78,1
DA:79,1
DA:80,1
DA:81,1
DA:82,1
DA:83,1
DA:84,1
DA:85,1
LF:41
LH:41
end_of_record
SF:lib\features\site_settings\presentation\widgets\date_format_input.dart
DA:7,3
DA:13,3
DA:14,3
DA:25,3
DA:27,3
DA:28,6
DA:29,6
DA:31,3
LF:8
LH:8
end_of_record
SF:lib\features\site_settings\presentation\widgets\site_settings_format_input.dart
DA:15,4
DA:23,4
DA:25,4
DA:32,4
DA:34,8
DA:35,12
DA:37,4
DA:40,4
DA:41,28
DA:43,4
DA:45,4
DA:46,4
DA:47,8
DA:48,4
DA:51,4
DA:53,4
DA:54,16
DA:55,4
DA:57,4
DA:58,8
DA:59,4
DA:60,4
DA:68,4
DA:69,8
DA:70,12
DA:71,4
DA:72,4
DA:75,4
DA:76,4
DA:77,4
DA:79,4
DA:80,4
DA:81,4
DA:83,8
DA:88,4
DA:89,4
DA:90,4
DA:92,16
DA:94,4
DA:96,4
DA:97,8
DA:99,4
DA:100,8
DA:103,0
DA:107,4
DA:109,8
DA:110,4
LF:47
LH:46
end_of_record
SF:lib\features\site_settings\presentation\widgets\site_icon_input.dart
DA:8,2
DA:10,2
DA:12,2
DA:15,2
DA:18,2
DA:23,2
DA:24,2
DA:25,0
DA:26,2
DA:27,2
DA:28,2
DA:29,4
DA:30,2
DA:34,2
DA:36,4
DA:38,2
LF:16
LH:15
end_of_record
SF:lib\features\site_settings\presentation\widgets\time_format_input.dart
DA:7,3
DA:13,1
DA:14,1
DA:24,1
DA:26,1
DA:29,1
DA:31,1
DA:32,2
DA:33,2
DA:35,1
LF:10
LH:10
end_of_record
SF:lib\features\profile\presentation\state_management\profile-cubit\profile_state.dart
LF:0
LH:0
end_of_record
SF:lib\features\site_settings\presentation\state_Management\site_settings_cubit\site_settings_state.dart
LF:0
LH:0
end_of_record
SF:lib\features\login\presentation\logic_holder\authentication_cubit\authentication_state.dart
LF:0
LH:0
end_of_record
SF:lib\features\login\presentation\logic_holder\login_credentials\login_credentials_state.dart
LF:0
LH:0
end_of_record
SF:lib\core\utils\dio_generator.dart
DA:7,1
DA:8,1
DA:10,4
DA:13,3
DA:14,1
DA:21,2
DA:22,0
DA:23,0
LF:8
LH:6
end_of_record
SF:lib\features\profile\data\repositories\profile_repository_impl.dart
DA:8,1
DA:12,1
DA:15,2
DA:17,1
DA:19,2
DA:23,1
DA:27,2
DA:29,1
DA:31,2
LF:9
LH:9
end_of_record
